c:\users\drubr_000\documents\personal projects\qchess\debug\vc120.pdb
c:\users\drubr_000\documents\personal projects\qchess\debug\vc120.idb
c:\users\drubr_000\documents\personal projects\qchess\debug\source.obj
c:\users\drubr_000\documents\personal projects\qchess\debug\main.obj
c:\users\drubr_000\documents\personal projects\qchess\debug\shader_loader.obj
c:\users\drubr_000\documents\personal projects\qchess\debug\qchessvs.ilk
c:\users\drubr_000\documents\personal projects\qchess\debug\qchessvs.exe
c:\users\drubr_000\documents\personal projects\qchess\debug\qchessvs.pdb
c:\users\drubr_000\documents\personal projects\qchess\debug\qchessvs.res
c:\users\drubr_000\documents\personal projects\qchess\debug\qchessvs.tlog\cl.command.1.tlog
c:\users\drubr_000\documents\personal projects\qchess\debug\qchessvs.tlog\cl.read.1.tlog
c:\users\drubr_000\documents\personal projects\qchess\debug\qchessvs.tlog\cl.write.1.tlog
c:\users\drubr_000\documents\personal projects\qchess\debug\qchessvs.tlog\fxc.command.1.tlog
c:\users\drubr_000\documents\personal projects\qchess\debug\qchessvs.tlog\fxc.read.1.tlog
c:\users\drubr_000\documents\personal projects\qchess\debug\qchessvs.tlog\fxc.write.1.tlog
c:\users\drubr_000\documents\personal projects\qchess\debug\qchessvs.tlog\link.command.1.tlog
c:\users\drubr_000\documents\personal projects\qchess\debug\qchessvs.tlog\link.read.1.tlog
c:\users\drubr_000\documents\personal projects\qchess\debug\qchessvs.tlog\link.write.1.tlog
c:\users\drubr_000\documents\personal projects\qchess\debug\qchessvs.tlog\rc.command.1.tlog
c:\users\drubr_000\documents\personal projects\qchess\debug\qchessvs.tlog\rc.read.1.tlog
c:\users\drubr_000\documents\personal projects\qchess\debug\qchessvs.tlog\rc.write.1.tlog
